2015-10-16 11:13:59 Debug: SELECT DISTINCT table_schema AS schema, column_name AS name, data_type AS type,
            is_nullable AS null, column_default AS default,
            character_maximum_length AS char_length,
            d.description as comment,
            ordinal_position
        FROM information_schema.columns c
        INNER JOIN pg_catalog.pg_namespace ns ON (ns.nspname = table_schema)
        INNER JOIN pg_catalog.pg_class cl ON (cl.relnamespace = ns.oid AND cl.relname = table_name)
        LEFT JOIN pg_catalog.pg_index i ON (i.indrelid = cl.oid AND i.indkey[0] = c.ordinal_position)
        LEFT JOIN pg_catalog.pg_description d on (cl.oid = d.objoid AND d.objsubid = c.ordinal_position)
        WHERE table_name = 'countries' AND table_schema = 'auth' AND table_catalog = 'auth'
        ORDER BY ordinal_position
2015-10-16 11:14:00 Debug: SELECT
            c2.relname,
            i.indisprimary,
            i.indisunique,
            i.indisvalid,
            pg_catalog.pg_get_indexdef(i.indexrelid, 0, true) AS statement
        FROM pg_catalog.pg_class AS c,
            pg_catalog.pg_class AS c2,
            pg_catalog.pg_index AS i
        WHERE c.oid  = (
            SELECT c.oid
            FROM pg_catalog.pg_class c
            LEFT JOIN pg_catalog.pg_namespace AS n ON n.oid = c.relnamespace
            WHERE c.relname = 'countries'
                AND n.nspname = 'auth'
        )
        AND c.oid = i.indrelid
        AND i.indexrelid = c2.oid
        ORDER BY i.indisprimary DESC, i.indisunique DESC, c2.relname
2015-10-16 11:14:00 Debug: SELECT
            rc.constraint_name AS name,
            tc.constraint_type AS type,
            kcu.column_name,
            rc.match_option AS match_type,
            rc.update_rule AS on_update,
            rc.delete_rule AS on_delete,

            kc.table_name AS references_table,
            kc.column_name AS references_field

            FROM information_schema.referential_constraints rc

            JOIN information_schema.table_constraints tc
                ON tc.constraint_name = rc.constraint_name
                AND tc.constraint_schema = rc.constraint_schema
                AND tc.constraint_name = rc.constraint_name

            JOIN information_schema.key_column_usage kcu
                ON kcu.constraint_name = rc.constraint_name
                AND kcu.constraint_schema = rc.constraint_schema
                AND kcu.constraint_name = rc.constraint_name

            JOIN information_schema.key_column_usage kc
                ON kc.ordinal_position = kcu.position_in_unique_constraint
                AND kc.constraint_name = rc.unique_constraint_name

            WHERE kcu.table_name = 'countries'
              AND kc.table_schema = 'auth'
              AND tc.constraint_type = 'FOREIGN KEY'

            ORDER BY rc.constraint_name, kcu.ordinal_position
2015-10-16 11:14:00 Debug: SELECT DISTINCT table_schema AS schema, column_name AS name, data_type AS type,
            is_nullable AS null, column_default AS default,
            character_maximum_length AS char_length,
            d.description as comment,
            ordinal_position
        FROM information_schema.columns c
        INNER JOIN pg_catalog.pg_namespace ns ON (ns.nspname = table_schema)
        INNER JOIN pg_catalog.pg_class cl ON (cl.relnamespace = ns.oid AND cl.relname = table_name)
        LEFT JOIN pg_catalog.pg_index i ON (i.indrelid = cl.oid AND i.indkey[0] = c.ordinal_position)
        LEFT JOIN pg_catalog.pg_description d on (cl.oid = d.objoid AND d.objsubid = c.ordinal_position)
        WHERE table_name = 'contacts' AND table_schema = 'auth' AND table_catalog = 'auth'
        ORDER BY ordinal_position
2015-10-16 11:14:00 Debug: SELECT
            c2.relname,
            i.indisprimary,
            i.indisunique,
            i.indisvalid,
            pg_catalog.pg_get_indexdef(i.indexrelid, 0, true) AS statement
        FROM pg_catalog.pg_class AS c,
            pg_catalog.pg_class AS c2,
            pg_catalog.pg_index AS i
        WHERE c.oid  = (
            SELECT c.oid
            FROM pg_catalog.pg_class c
            LEFT JOIN pg_catalog.pg_namespace AS n ON n.oid = c.relnamespace
            WHERE c.relname = 'contacts'
                AND n.nspname = 'auth'
        )
        AND c.oid = i.indrelid
        AND i.indexrelid = c2.oid
        ORDER BY i.indisprimary DESC, i.indisunique DESC, c2.relname
2015-10-16 11:14:00 Debug: SELECT
            rc.constraint_name AS name,
            tc.constraint_type AS type,
            kcu.column_name,
            rc.match_option AS match_type,
            rc.update_rule AS on_update,
            rc.delete_rule AS on_delete,

            kc.table_name AS references_table,
            kc.column_name AS references_field

            FROM information_schema.referential_constraints rc

            JOIN information_schema.table_constraints tc
                ON tc.constraint_name = rc.constraint_name
                AND tc.constraint_schema = rc.constraint_schema
                AND tc.constraint_name = rc.constraint_name

            JOIN information_schema.key_column_usage kcu
                ON kcu.constraint_name = rc.constraint_name
                AND kcu.constraint_schema = rc.constraint_schema
                AND kcu.constraint_name = rc.constraint_name

            JOIN information_schema.key_column_usage kc
                ON kc.ordinal_position = kcu.position_in_unique_constraint
                AND kc.constraint_name = rc.unique_constraint_name

            WHERE kcu.table_name = 'contacts'
              AND kc.table_schema = 'auth'
              AND tc.constraint_type = 'FOREIGN KEY'

            ORDER BY rc.constraint_name, kcu.ordinal_position
2015-10-16 11:14:54 Debug: SELECT DISTINCT table_schema AS schema, column_name AS name, data_type AS type,
            is_nullable AS null, column_default AS default,
            character_maximum_length AS char_length,
            d.description as comment,
            ordinal_position
        FROM information_schema.columns c
        INNER JOIN pg_catalog.pg_namespace ns ON (ns.nspname = table_schema)
        INNER JOIN pg_catalog.pg_class cl ON (cl.relnamespace = ns.oid AND cl.relname = table_name)
        LEFT JOIN pg_catalog.pg_index i ON (i.indrelid = cl.oid AND i.indkey[0] = c.ordinal_position)
        LEFT JOIN pg_catalog.pg_description d on (cl.oid = d.objoid AND d.objsubid = c.ordinal_position)
        WHERE table_name = 'contacts' AND table_schema = 'auth' AND table_catalog = 'auth'
        ORDER BY ordinal_position
2015-10-16 11:14:54 Debug: SELECT
            c2.relname,
            i.indisprimary,
            i.indisunique,
            i.indisvalid,
            pg_catalog.pg_get_indexdef(i.indexrelid, 0, true) AS statement
        FROM pg_catalog.pg_class AS c,
            pg_catalog.pg_class AS c2,
            pg_catalog.pg_index AS i
        WHERE c.oid  = (
            SELECT c.oid
            FROM pg_catalog.pg_class c
            LEFT JOIN pg_catalog.pg_namespace AS n ON n.oid = c.relnamespace
            WHERE c.relname = 'contacts'
                AND n.nspname = 'auth'
        )
        AND c.oid = i.indrelid
        AND i.indexrelid = c2.oid
        ORDER BY i.indisprimary DESC, i.indisunique DESC, c2.relname
2015-10-16 11:14:55 Debug: SELECT
            rc.constraint_name AS name,
            tc.constraint_type AS type,
            kcu.column_name,
            rc.match_option AS match_type,
            rc.update_rule AS on_update,
            rc.delete_rule AS on_delete,

            kc.table_name AS references_table,
            kc.column_name AS references_field

            FROM information_schema.referential_constraints rc

            JOIN information_schema.table_constraints tc
                ON tc.constraint_name = rc.constraint_name
                AND tc.constraint_schema = rc.constraint_schema
                AND tc.constraint_name = rc.constraint_name

            JOIN information_schema.key_column_usage kcu
                ON kcu.constraint_name = rc.constraint_name
                AND kcu.constraint_schema = rc.constraint_schema
                AND kcu.constraint_name = rc.constraint_name

            JOIN information_schema.key_column_usage kc
                ON kc.ordinal_position = kcu.position_in_unique_constraint
                AND kc.constraint_name = rc.unique_constraint_name

            WHERE kcu.table_name = 'contacts'
              AND kc.table_schema = 'auth'
              AND tc.constraint_type = 'FOREIGN KEY'

            ORDER BY rc.constraint_name, kcu.ordinal_position
2015-10-16 11:14:55 Debug: SELECT DISTINCT table_schema AS schema, column_name AS name, data_type AS type,
            is_nullable AS null, column_default AS default,
            character_maximum_length AS char_length,
            d.description as comment,
            ordinal_position
        FROM information_schema.columns c
        INNER JOIN pg_catalog.pg_namespace ns ON (ns.nspname = table_schema)
        INNER JOIN pg_catalog.pg_class cl ON (cl.relnamespace = ns.oid AND cl.relname = table_name)
        LEFT JOIN pg_catalog.pg_index i ON (i.indrelid = cl.oid AND i.indkey[0] = c.ordinal_position)
        LEFT JOIN pg_catalog.pg_description d on (cl.oid = d.objoid AND d.objsubid = c.ordinal_position)
        WHERE table_name = 'assets' AND table_schema = 'auth' AND table_catalog = 'auth'
        ORDER BY ordinal_position
2015-10-16 11:14:55 Debug: SELECT DISTINCT table_schema AS schema, column_name AS name, data_type AS type,
            is_nullable AS null, column_default AS default,
            character_maximum_length AS char_length,
            d.description as comment,
            ordinal_position
        FROM information_schema.columns c
        INNER JOIN pg_catalog.pg_namespace ns ON (ns.nspname = table_schema)
        INNER JOIN pg_catalog.pg_class cl ON (cl.relnamespace = ns.oid AND cl.relname = table_name)
        LEFT JOIN pg_catalog.pg_index i ON (i.indrelid = cl.oid AND i.indkey[0] = c.ordinal_position)
        LEFT JOIN pg_catalog.pg_description d on (cl.oid = d.objoid AND d.objsubid = c.ordinal_position)
        WHERE table_name = 'users' AND table_schema = 'auth' AND table_catalog = 'auth'
        ORDER BY ordinal_position
2015-10-16 11:14:55 Debug: SELECT
            c2.relname,
            i.indisprimary,
            i.indisunique,
            i.indisvalid,
            pg_catalog.pg_get_indexdef(i.indexrelid, 0, true) AS statement
        FROM pg_catalog.pg_class AS c,
            pg_catalog.pg_class AS c2,
            pg_catalog.pg_index AS i
        WHERE c.oid  = (
            SELECT c.oid
            FROM pg_catalog.pg_class c
            LEFT JOIN pg_catalog.pg_namespace AS n ON n.oid = c.relnamespace
            WHERE c.relname = 'users'
                AND n.nspname = 'auth'
        )
        AND c.oid = i.indrelid
        AND i.indexrelid = c2.oid
        ORDER BY i.indisprimary DESC, i.indisunique DESC, c2.relname
2015-10-16 11:14:55 Debug: SELECT
            rc.constraint_name AS name,
            tc.constraint_type AS type,
            kcu.column_name,
            rc.match_option AS match_type,
            rc.update_rule AS on_update,
            rc.delete_rule AS on_delete,

            kc.table_name AS references_table,
            kc.column_name AS references_field

            FROM information_schema.referential_constraints rc

            JOIN information_schema.table_constraints tc
                ON tc.constraint_name = rc.constraint_name
                AND tc.constraint_schema = rc.constraint_schema
                AND tc.constraint_name = rc.constraint_name

            JOIN information_schema.key_column_usage kcu
                ON kcu.constraint_name = rc.constraint_name
                AND kcu.constraint_schema = rc.constraint_schema
                AND kcu.constraint_name = rc.constraint_name

            JOIN information_schema.key_column_usage kc
                ON kc.ordinal_position = kcu.position_in_unique_constraint
                AND kc.constraint_name = rc.unique_constraint_name

            WHERE kcu.table_name = 'users'
              AND kc.table_schema = 'auth'
              AND tc.constraint_type = 'FOREIGN KEY'

            ORDER BY rc.constraint_name, kcu.ordinal_position
2015-10-16 11:14:55 Debug: SELECT DISTINCT table_schema AS schema, column_name AS name, data_type AS type,
            is_nullable AS null, column_default AS default,
            character_maximum_length AS char_length,
            d.description as comment,
            ordinal_position
        FROM information_schema.columns c
        INNER JOIN pg_catalog.pg_namespace ns ON (ns.nspname = table_schema)
        INNER JOIN pg_catalog.pg_class cl ON (cl.relnamespace = ns.oid AND cl.relname = table_name)
        LEFT JOIN pg_catalog.pg_index i ON (i.indrelid = cl.oid AND i.indkey[0] = c.ordinal_position)
        LEFT JOIN pg_catalog.pg_description d on (cl.oid = d.objoid AND d.objsubid = c.ordinal_position)
        WHERE table_name = 'countries' AND table_schema = 'auth' AND table_catalog = 'auth'
        ORDER BY ordinal_position
2015-10-16 11:14:56 Debug: SELECT
            c2.relname,
            i.indisprimary,
            i.indisunique,
            i.indisvalid,
            pg_catalog.pg_get_indexdef(i.indexrelid, 0, true) AS statement
        FROM pg_catalog.pg_class AS c,
            pg_catalog.pg_class AS c2,
            pg_catalog.pg_index AS i
        WHERE c.oid  = (
            SELECT c.oid
            FROM pg_catalog.pg_class c
            LEFT JOIN pg_catalog.pg_namespace AS n ON n.oid = c.relnamespace
            WHERE c.relname = 'countries'
                AND n.nspname = 'auth'
        )
        AND c.oid = i.indrelid
        AND i.indexrelid = c2.oid
        ORDER BY i.indisprimary DESC, i.indisunique DESC, c2.relname
2015-10-16 11:14:56 Debug: SELECT
            rc.constraint_name AS name,
            tc.constraint_type AS type,
            kcu.column_name,
            rc.match_option AS match_type,
            rc.update_rule AS on_update,
            rc.delete_rule AS on_delete,

            kc.table_name AS references_table,
            kc.column_name AS references_field

            FROM information_schema.referential_constraints rc

            JOIN information_schema.table_constraints tc
                ON tc.constraint_name = rc.constraint_name
                AND tc.constraint_schema = rc.constraint_schema
                AND tc.constraint_name = rc.constraint_name

            JOIN information_schema.key_column_usage kcu
                ON kcu.constraint_name = rc.constraint_name
                AND kcu.constraint_schema = rc.constraint_schema
                AND kcu.constraint_name = rc.constraint_name

            JOIN information_schema.key_column_usage kc
                ON kc.ordinal_position = kcu.position_in_unique_constraint
                AND kc.constraint_name = rc.unique_constraint_name

            WHERE kcu.table_name = 'countries'
              AND kc.table_schema = 'auth'
              AND tc.constraint_type = 'FOREIGN KEY'

            ORDER BY rc.constraint_name, kcu.ordinal_position
2015-10-16 11:15:55 Debug: SELECT DISTINCT table_schema AS schema, column_name AS name, data_type AS type,
            is_nullable AS null, column_default AS default,
            character_maximum_length AS char_length,
            d.description as comment,
            ordinal_position
        FROM information_schema.columns c
        INNER JOIN pg_catalog.pg_namespace ns ON (ns.nspname = table_schema)
        INNER JOIN pg_catalog.pg_class cl ON (cl.relnamespace = ns.oid AND cl.relname = table_name)
        LEFT JOIN pg_catalog.pg_index i ON (i.indrelid = cl.oid AND i.indkey[0] = c.ordinal_position)
        LEFT JOIN pg_catalog.pg_description d on (cl.oid = d.objoid AND d.objsubid = c.ordinal_position)
        WHERE table_name = 'roles' AND table_schema = 'auth' AND table_catalog = 'auth'
        ORDER BY ordinal_position
2015-10-16 11:15:55 Debug: SELECT
            c2.relname,
            i.indisprimary,
            i.indisunique,
            i.indisvalid,
            pg_catalog.pg_get_indexdef(i.indexrelid, 0, true) AS statement
        FROM pg_catalog.pg_class AS c,
            pg_catalog.pg_class AS c2,
            pg_catalog.pg_index AS i
        WHERE c.oid  = (
            SELECT c.oid
            FROM pg_catalog.pg_class c
            LEFT JOIN pg_catalog.pg_namespace AS n ON n.oid = c.relnamespace
            WHERE c.relname = 'roles'
                AND n.nspname = 'auth'
        )
        AND c.oid = i.indrelid
        AND i.indexrelid = c2.oid
        ORDER BY i.indisprimary DESC, i.indisunique DESC, c2.relname
2015-10-16 11:15:55 Debug: SELECT
            rc.constraint_name AS name,
            tc.constraint_type AS type,
            kcu.column_name,
            rc.match_option AS match_type,
            rc.update_rule AS on_update,
            rc.delete_rule AS on_delete,

            kc.table_name AS references_table,
            kc.column_name AS references_field

            FROM information_schema.referential_constraints rc

            JOIN information_schema.table_constraints tc
                ON tc.constraint_name = rc.constraint_name
                AND tc.constraint_schema = rc.constraint_schema
                AND tc.constraint_name = rc.constraint_name

            JOIN information_schema.key_column_usage kcu
                ON kcu.constraint_name = rc.constraint_name
                AND kcu.constraint_schema = rc.constraint_schema
                AND kcu.constraint_name = rc.constraint_name

            JOIN information_schema.key_column_usage kc
                ON kc.ordinal_position = kcu.position_in_unique_constraint
                AND kc.constraint_name = rc.unique_constraint_name

            WHERE kcu.table_name = 'roles'
              AND kc.table_schema = 'auth'
              AND tc.constraint_type = 'FOREIGN KEY'

            ORDER BY rc.constraint_name, kcu.ordinal_position
2015-10-16 11:15:55 Debug: SELECT DISTINCT table_schema AS schema, column_name AS name, data_type AS type,
            is_nullable AS null, column_default AS default,
            character_maximum_length AS char_length,
            d.description as comment,
            ordinal_position
        FROM information_schema.columns c
        INNER JOIN pg_catalog.pg_namespace ns ON (ns.nspname = table_schema)
        INNER JOIN pg_catalog.pg_class cl ON (cl.relnamespace = ns.oid AND cl.relname = table_name)
        LEFT JOIN pg_catalog.pg_index i ON (i.indrelid = cl.oid AND i.indkey[0] = c.ordinal_position)
        LEFT JOIN pg_catalog.pg_description d on (cl.oid = d.objoid AND d.objsubid = c.ordinal_position)
        WHERE table_name = 'permissions' AND table_schema = 'auth' AND table_catalog = 'auth'
        ORDER BY ordinal_position
2015-10-16 11:15:56 Debug: SELECT DISTINCT table_schema AS schema, column_name AS name, data_type AS type,
            is_nullable AS null, column_default AS default,
            character_maximum_length AS char_length,
            d.description as comment,
            ordinal_position
        FROM information_schema.columns c
        INNER JOIN pg_catalog.pg_namespace ns ON (ns.nspname = table_schema)
        INNER JOIN pg_catalog.pg_class cl ON (cl.relnamespace = ns.oid AND cl.relname = table_name)
        LEFT JOIN pg_catalog.pg_index i ON (i.indrelid = cl.oid AND i.indkey[0] = c.ordinal_position)
        LEFT JOIN pg_catalog.pg_description d on (cl.oid = d.objoid AND d.objsubid = c.ordinal_position)
        WHERE table_name = 'users' AND table_schema = 'auth' AND table_catalog = 'auth'
        ORDER BY ordinal_position
2015-10-16 11:15:56 Debug: SELECT
            c2.relname,
            i.indisprimary,
            i.indisunique,
            i.indisvalid,
            pg_catalog.pg_get_indexdef(i.indexrelid, 0, true) AS statement
        FROM pg_catalog.pg_class AS c,
            pg_catalog.pg_class AS c2,
            pg_catalog.pg_index AS i
        WHERE c.oid  = (
            SELECT c.oid
            FROM pg_catalog.pg_class c
            LEFT JOIN pg_catalog.pg_namespace AS n ON n.oid = c.relnamespace
            WHERE c.relname = 'users'
                AND n.nspname = 'auth'
        )
        AND c.oid = i.indrelid
        AND i.indexrelid = c2.oid
        ORDER BY i.indisprimary DESC, i.indisunique DESC, c2.relname
2015-10-16 11:15:56 Debug: SELECT
            rc.constraint_name AS name,
            tc.constraint_type AS type,
            kcu.column_name,
            rc.match_option AS match_type,
            rc.update_rule AS on_update,
            rc.delete_rule AS on_delete,

            kc.table_name AS references_table,
            kc.column_name AS references_field

            FROM information_schema.referential_constraints rc

            JOIN information_schema.table_constraints tc
                ON tc.constraint_name = rc.constraint_name
                AND tc.constraint_schema = rc.constraint_schema
                AND tc.constraint_name = rc.constraint_name

            JOIN information_schema.key_column_usage kcu
                ON kcu.constraint_name = rc.constraint_name
                AND kcu.constraint_schema = rc.constraint_schema
                AND kcu.constraint_name = rc.constraint_name

            JOIN information_schema.key_column_usage kc
                ON kc.ordinal_position = kcu.position_in_unique_constraint
                AND kc.constraint_name = rc.unique_constraint_name

            WHERE kcu.table_name = 'users'
              AND kc.table_schema = 'auth'
              AND tc.constraint_type = 'FOREIGN KEY'

            ORDER BY rc.constraint_name, kcu.ordinal_position
2015-10-16 11:16:07 Debug: SELECT DISTINCT table_schema AS schema, column_name AS name, data_type AS type,
            is_nullable AS null, column_default AS default,
            character_maximum_length AS char_length,
            d.description as comment,
            ordinal_position
        FROM information_schema.columns c
        INNER JOIN pg_catalog.pg_namespace ns ON (ns.nspname = table_schema)
        INNER JOIN pg_catalog.pg_class cl ON (cl.relnamespace = ns.oid AND cl.relname = table_name)
        LEFT JOIN pg_catalog.pg_index i ON (i.indrelid = cl.oid AND i.indkey[0] = c.ordinal_position)
        LEFT JOIN pg_catalog.pg_description d on (cl.oid = d.objoid AND d.objsubid = c.ordinal_position)
        WHERE table_name = 'sessions' AND table_schema = 'auth' AND table_catalog = 'auth'
        ORDER BY ordinal_position
2015-10-16 11:16:07 Debug: SELECT
            c2.relname,
            i.indisprimary,
            i.indisunique,
            i.indisvalid,
            pg_catalog.pg_get_indexdef(i.indexrelid, 0, true) AS statement
        FROM pg_catalog.pg_class AS c,
            pg_catalog.pg_class AS c2,
            pg_catalog.pg_index AS i
        WHERE c.oid  = (
            SELECT c.oid
            FROM pg_catalog.pg_class c
            LEFT JOIN pg_catalog.pg_namespace AS n ON n.oid = c.relnamespace
            WHERE c.relname = 'sessions'
                AND n.nspname = 'auth'
        )
        AND c.oid = i.indrelid
        AND i.indexrelid = c2.oid
        ORDER BY i.indisprimary DESC, i.indisunique DESC, c2.relname
2015-10-16 11:16:08 Debug: SELECT
            rc.constraint_name AS name,
            tc.constraint_type AS type,
            kcu.column_name,
            rc.match_option AS match_type,
            rc.update_rule AS on_update,
            rc.delete_rule AS on_delete,

            kc.table_name AS references_table,
            kc.column_name AS references_field

            FROM information_schema.referential_constraints rc

            JOIN information_schema.table_constraints tc
                ON tc.constraint_name = rc.constraint_name
                AND tc.constraint_schema = rc.constraint_schema
                AND tc.constraint_name = rc.constraint_name

            JOIN information_schema.key_column_usage kcu
                ON kcu.constraint_name = rc.constraint_name
                AND kcu.constraint_schema = rc.constraint_schema
                AND kcu.constraint_name = rc.constraint_name

            JOIN information_schema.key_column_usage kc
                ON kc.ordinal_position = kcu.position_in_unique_constraint
                AND kc.constraint_name = rc.unique_constraint_name

            WHERE kcu.table_name = 'sessions'
              AND kc.table_schema = 'auth'
              AND tc.constraint_type = 'FOREIGN KEY'

            ORDER BY rc.constraint_name, kcu.ordinal_position
2015-10-16 11:16:08 Debug: SELECT DISTINCT table_schema AS schema, column_name AS name, data_type AS type,
            is_nullable AS null, column_default AS default,
            character_maximum_length AS char_length,
            d.description as comment,
            ordinal_position
        FROM information_schema.columns c
        INNER JOIN pg_catalog.pg_namespace ns ON (ns.nspname = table_schema)
        INNER JOIN pg_catalog.pg_class cl ON (cl.relnamespace = ns.oid AND cl.relname = table_name)
        LEFT JOIN pg_catalog.pg_index i ON (i.indrelid = cl.oid AND i.indkey[0] = c.ordinal_position)
        LEFT JOIN pg_catalog.pg_description d on (cl.oid = d.objoid AND d.objsubid = c.ordinal_position)
        WHERE table_name = 'users' AND table_schema = 'auth' AND table_catalog = 'auth'
        ORDER BY ordinal_position
2015-10-16 11:16:08 Debug: SELECT
            c2.relname,
            i.indisprimary,
            i.indisunique,
            i.indisvalid,
            pg_catalog.pg_get_indexdef(i.indexrelid, 0, true) AS statement
        FROM pg_catalog.pg_class AS c,
            pg_catalog.pg_class AS c2,
            pg_catalog.pg_index AS i
        WHERE c.oid  = (
            SELECT c.oid
            FROM pg_catalog.pg_class c
            LEFT JOIN pg_catalog.pg_namespace AS n ON n.oid = c.relnamespace
            WHERE c.relname = 'users'
                AND n.nspname = 'auth'
        )
        AND c.oid = i.indrelid
        AND i.indexrelid = c2.oid
        ORDER BY i.indisprimary DESC, i.indisunique DESC, c2.relname
2015-10-16 11:16:08 Debug: SELECT
            rc.constraint_name AS name,
            tc.constraint_type AS type,
            kcu.column_name,
            rc.match_option AS match_type,
            rc.update_rule AS on_update,
            rc.delete_rule AS on_delete,

            kc.table_name AS references_table,
            kc.column_name AS references_field

            FROM information_schema.referential_constraints rc

            JOIN information_schema.table_constraints tc
                ON tc.constraint_name = rc.constraint_name
                AND tc.constraint_schema = rc.constraint_schema
                AND tc.constraint_name = rc.constraint_name

            JOIN information_schema.key_column_usage kcu
                ON kcu.constraint_name = rc.constraint_name
                AND kcu.constraint_schema = rc.constraint_schema
                AND kcu.constraint_name = rc.constraint_name

            JOIN information_schema.key_column_usage kc
                ON kc.ordinal_position = kcu.position_in_unique_constraint
                AND kc.constraint_name = rc.unique_constraint_name

            WHERE kcu.table_name = 'users'
              AND kc.table_schema = 'auth'
              AND tc.constraint_type = 'FOREIGN KEY'

            ORDER BY rc.constraint_name, kcu.ordinal_position
2015-10-16 11:16:32 Debug: SELECT DISTINCT table_schema AS schema, column_name AS name, data_type AS type,
            is_nullable AS null, column_default AS default,
            character_maximum_length AS char_length,
            d.description as comment,
            ordinal_position
        FROM information_schema.columns c
        INNER JOIN pg_catalog.pg_namespace ns ON (ns.nspname = table_schema)
        INNER JOIN pg_catalog.pg_class cl ON (cl.relnamespace = ns.oid AND cl.relname = table_name)
        LEFT JOIN pg_catalog.pg_index i ON (i.indrelid = cl.oid AND i.indkey[0] = c.ordinal_position)
        LEFT JOIN pg_catalog.pg_description d on (cl.oid = d.objoid AND d.objsubid = c.ordinal_position)
        WHERE table_name = 'users_roles' AND table_schema = 'auth' AND table_catalog = 'auth'
        ORDER BY ordinal_position
2015-10-16 11:16:32 Debug: SELECT
            c2.relname,
            i.indisprimary,
            i.indisunique,
            i.indisvalid,
            pg_catalog.pg_get_indexdef(i.indexrelid, 0, true) AS statement
        FROM pg_catalog.pg_class AS c,
            pg_catalog.pg_class AS c2,
            pg_catalog.pg_index AS i
        WHERE c.oid  = (
            SELECT c.oid
            FROM pg_catalog.pg_class c
            LEFT JOIN pg_catalog.pg_namespace AS n ON n.oid = c.relnamespace
            WHERE c.relname = 'users_roles'
                AND n.nspname = 'auth'
        )
        AND c.oid = i.indrelid
        AND i.indexrelid = c2.oid
        ORDER BY i.indisprimary DESC, i.indisunique DESC, c2.relname
2015-10-16 11:16:32 Debug: SELECT
            rc.constraint_name AS name,
            tc.constraint_type AS type,
            kcu.column_name,
            rc.match_option AS match_type,
            rc.update_rule AS on_update,
            rc.delete_rule AS on_delete,

            kc.table_name AS references_table,
            kc.column_name AS references_field

            FROM information_schema.referential_constraints rc

            JOIN information_schema.table_constraints tc
                ON tc.constraint_name = rc.constraint_name
                AND tc.constraint_schema = rc.constraint_schema
                AND tc.constraint_name = rc.constraint_name

            JOIN information_schema.key_column_usage kcu
                ON kcu.constraint_name = rc.constraint_name
                AND kcu.constraint_schema = rc.constraint_schema
                AND kcu.constraint_name = rc.constraint_name

            JOIN information_schema.key_column_usage kc
                ON kc.ordinal_position = kcu.position_in_unique_constraint
                AND kc.constraint_name = rc.unique_constraint_name

            WHERE kcu.table_name = 'users_roles'
              AND kc.table_schema = 'auth'
              AND tc.constraint_type = 'FOREIGN KEY'

            ORDER BY rc.constraint_name, kcu.ordinal_position
2015-10-16 11:16:32 Debug: SELECT DISTINCT table_schema AS schema, column_name AS name, data_type AS type,
            is_nullable AS null, column_default AS default,
            character_maximum_length AS char_length,
            d.description as comment,
            ordinal_position
        FROM information_schema.columns c
        INNER JOIN pg_catalog.pg_namespace ns ON (ns.nspname = table_schema)
        INNER JOIN pg_catalog.pg_class cl ON (cl.relnamespace = ns.oid AND cl.relname = table_name)
        LEFT JOIN pg_catalog.pg_index i ON (i.indrelid = cl.oid AND i.indkey[0] = c.ordinal_position)
        LEFT JOIN pg_catalog.pg_description d on (cl.oid = d.objoid AND d.objsubid = c.ordinal_position)
        WHERE table_name = 'roles' AND table_schema = 'auth' AND table_catalog = 'auth'
        ORDER BY ordinal_position
2015-10-16 11:16:33 Debug: SELECT
            c2.relname,
            i.indisprimary,
            i.indisunique,
            i.indisvalid,
            pg_catalog.pg_get_indexdef(i.indexrelid, 0, true) AS statement
        FROM pg_catalog.pg_class AS c,
            pg_catalog.pg_class AS c2,
            pg_catalog.pg_index AS i
        WHERE c.oid  = (
            SELECT c.oid
            FROM pg_catalog.pg_class c
            LEFT JOIN pg_catalog.pg_namespace AS n ON n.oid = c.relnamespace
            WHERE c.relname = 'roles'
                AND n.nspname = 'auth'
        )
        AND c.oid = i.indrelid
        AND i.indexrelid = c2.oid
        ORDER BY i.indisprimary DESC, i.indisunique DESC, c2.relname
2015-10-16 11:16:33 Debug: SELECT
            rc.constraint_name AS name,
            tc.constraint_type AS type,
            kcu.column_name,
            rc.match_option AS match_type,
            rc.update_rule AS on_update,
            rc.delete_rule AS on_delete,

            kc.table_name AS references_table,
            kc.column_name AS references_field

            FROM information_schema.referential_constraints rc

            JOIN information_schema.table_constraints tc
                ON tc.constraint_name = rc.constraint_name
                AND tc.constraint_schema = rc.constraint_schema
                AND tc.constraint_name = rc.constraint_name

            JOIN information_schema.key_column_usage kcu
                ON kcu.constraint_name = rc.constraint_name
                AND kcu.constraint_schema = rc.constraint_schema
                AND kcu.constraint_name = rc.constraint_name

            JOIN information_schema.key_column_usage kc
                ON kc.ordinal_position = kcu.position_in_unique_constraint
                AND kc.constraint_name = rc.unique_constraint_name

            WHERE kcu.table_name = 'roles'
              AND kc.table_schema = 'auth'
              AND tc.constraint_type = 'FOREIGN KEY'

            ORDER BY rc.constraint_name, kcu.ordinal_position
2015-10-16 11:16:33 Debug: SELECT DISTINCT table_schema AS schema, column_name AS name, data_type AS type,
            is_nullable AS null, column_default AS default,
            character_maximum_length AS char_length,
            d.description as comment,
            ordinal_position
        FROM information_schema.columns c
        INNER JOIN pg_catalog.pg_namespace ns ON (ns.nspname = table_schema)
        INNER JOIN pg_catalog.pg_class cl ON (cl.relnamespace = ns.oid AND cl.relname = table_name)
        LEFT JOIN pg_catalog.pg_index i ON (i.indrelid = cl.oid AND i.indkey[0] = c.ordinal_position)
        LEFT JOIN pg_catalog.pg_description d on (cl.oid = d.objoid AND d.objsubid = c.ordinal_position)
        WHERE table_name = 'users' AND table_schema = 'auth' AND table_catalog = 'auth'
        ORDER BY ordinal_position
2015-10-16 11:16:33 Debug: SELECT
            c2.relname,
            i.indisprimary,
            i.indisunique,
            i.indisvalid,
            pg_catalog.pg_get_indexdef(i.indexrelid, 0, true) AS statement
        FROM pg_catalog.pg_class AS c,
            pg_catalog.pg_class AS c2,
            pg_catalog.pg_index AS i
        WHERE c.oid  = (
            SELECT c.oid
            FROM pg_catalog.pg_class c
            LEFT JOIN pg_catalog.pg_namespace AS n ON n.oid = c.relnamespace
            WHERE c.relname = 'users'
                AND n.nspname = 'auth'
        )
        AND c.oid = i.indrelid
        AND i.indexrelid = c2.oid
        ORDER BY i.indisprimary DESC, i.indisunique DESC, c2.relname
2015-10-16 11:16:33 Debug: SELECT
            rc.constraint_name AS name,
            tc.constraint_type AS type,
            kcu.column_name,
            rc.match_option AS match_type,
            rc.update_rule AS on_update,
            rc.delete_rule AS on_delete,

            kc.table_name AS references_table,
            kc.column_name AS references_field

            FROM information_schema.referential_constraints rc

            JOIN information_schema.table_constraints tc
                ON tc.constraint_name = rc.constraint_name
                AND tc.constraint_schema = rc.constraint_schema
                AND tc.constraint_name = rc.constraint_name

            JOIN information_schema.key_column_usage kcu
                ON kcu.constraint_name = rc.constraint_name
                AND kcu.constraint_schema = rc.constraint_schema
                AND kcu.constraint_name = rc.constraint_name

            JOIN information_schema.key_column_usage kc
                ON kc.ordinal_position = kcu.position_in_unique_constraint
                AND kc.constraint_name = rc.unique_constraint_name

            WHERE kcu.table_name = 'users'
              AND kc.table_schema = 'auth'
              AND tc.constraint_type = 'FOREIGN KEY'

            ORDER BY rc.constraint_name, kcu.ordinal_position
